Print initial account balances
Account: 1234 	Name: Mike 	Balance:	1000.0
Account: 2345 	Name: Adam 	Balance:	2000.0
Account: 3456 	Name: Linda 	Balance:	3000.0
Account: 4567 	Name: John 	Balance:	4000.0
Account: 5678 	Name: Rami 	Balance:	5000.0
Account: 6789 	Name: Lee 	Balance:	6000.0
Account: 7890 	Name: Tom 	Balance:	7000.0
Account: 8901 	Name: Lisa 	Balance:	8000.0
Account: 9012 	Name: Sam 	Balance:	9000.0
Account: 4321 	Name: Ted 	Balance:	10000.0
Depositor and Withdrawal threads have been created
Print final account balances after all the child thread terminated...
Account: 1234 	Name: Mike 	Balance:	-1.0000001E8
Account: 2345 	Name: Adam 	Balance:	9.416822E7
Account: 3456 	Name: Linda 	Balance:	-9.989489E7
Account: 4567 	Name: John 	Balance:	-9.999541E7
Account: 5678 	Name: Rami 	Balance:	-1.3953707E8
Account: 6789 	Name: Lee 	Balance:	-1.9641478E8
Account: 7890 	Name: Tom 	Balance:	-9.855252E7
Account: 8901 	Name: Lisa 	Balance:	-1.5339369E8
Account: 9012 	Name: Sam 	Balance:	-1.2464795E8
Account: 4321 	Name: Ted 	Balance:	-1.5648079E8
Elapsed time in milliseconds 66
Elapsed time in seconds is 0.066
